<?xml version="1.0" encoding="UTF-8"?>
<testng-results ignored="0" total="1" passed="1" failed="0" skipped="0">
  <reporter-output>
  </reporter-output>
  <suite started-at="2022-06-08T12:13:19 IST" name="Default suite" finished-at="2022-06-08T12:13:30 IST" duration-ms="10385">
    <groups>
    </groups>
    <test started-at="2022-06-08T12:13:19 IST" name="Default test" finished-at="2022-06-08T12:13:30 IST" duration-ms="10385">
      <class name="Test_cases.maxtest">
        <test-method is-config="true" signature="launchBrowser()[pri:0, instance:Test_cases.maxtest@58d75e99]" started-at="2022-06-08T12:13:20 IST" name="launchBrowser" finished-at="2022-06-08T12:13:28 IST" duration-ms="8451" status="PASS">
          <reporter-output>
          </reporter-output>
        </test-method> <!-- launchBrowser -->
        <test-method signature="action()[pri:0, instance:Test_cases.maxtest@58d75e99]" started-at="2022-06-08T12:13:28 IST" name="action" finished-at="2022-06-08T12:13:30 IST" duration-ms="1851" status="PASS">
          <reporter-output>
          </reporter-output>
        </test-method> <!-- action -->
      </class> <!-- Test_cases.maxtest -->
    </test> <!-- Default test -->
  </suite> <!-- Default suite -->
</testng-results>
